This is pdfTeX, Version 3.141592653-2.6-1.40.29 (TeX Live 2026) (preloaded format=pdflatex 2026.3.27)  14 MAY 2026 16:45
entering extended mode
 restricted \write18 enabled.
 %&-line parsing enabled.
**bachelor_thesis.tex
(./bachelor_thesis.tex
LaTeX2e <2025-11-01>
L3 programming layer <2026-01-19>
(/usr/local/texlive/2026basic/texmf-dist/tex/latex/base/article.cls
Document Class: article 2025/01/22 v1.4n Standard LaTeX document class
(/usr/local/texlive/2026basic/texmf-dist/tex/latex/base/size11.clo
File: size11.clo 2025/01/22 v1.4n Standard LaTeX file (size option)
)
\c@part=\count275
\c@section=\count276
\c@subsection=\count277
\c@subsubsection=\count278
\c@paragraph=\count279
\c@subparagraph=\count280
\c@figure=\count281
\c@table=\count282
\abovecaptionskip=\skip49
\belowcaptionskip=\skip50
\bibindent=\dimen148
)
(/usr/local/texlive/2026basic/texmf-dist/tex/latex/base/inputenc.sty
Package: inputenc 2024/02/08 v1.3d Input encoding file
\inpenc@prehook=\toks17
\inpenc@posthook=\toks18
)
(/usr/local/texlive/2026basic/texmf-dist/tex/latex/base/fontenc.sty
Package: fontenc 2025/07/18 v2.1d Standard LaTeX package
)
(/usr/local/texlive/2026basic/texmf-dist/tex/generic/babel/babel.sty
Package: babel 2026/02/14 v26.3 The multilingual framework for LuaLaTeX, pdfLaT
eX and XeLaTeX
\babel@savecnt=\count283
LaTeX Encoding Info:    Redeclaring text command \ij (encoding OT1) on input li
ne 2078.
LaTeX Encoding Info:    Redeclaring text command \IJ (encoding OT1) on input li
ne 2080.
LaTeX Encoding Info:    Redeclaring text command \ij (encoding T1) on input lin
e 2082.
LaTeX Encoding Info:    Redeclaring text command \IJ (encoding T1) on input lin
e 2083.
LaTeX Encoding Info:    Ignoring declaration for text command \ij (encoding ?) 
on input line 2084.
LaTeX Encoding Info:    Ignoring declaration for text command \IJ (encoding ?) 
on input line 2086.
LaTeX Encoding Info:    Ignoring declaration for text command \SS (encoding ?) 
on input line 2111.
\U@D=\dimen149
\l@unhyphenated=\language23

(/usr/local/texlive/2026basic/texmf-dist/tex/generic/babel/txtbabel.def)
\bbl@readstream=\read2
\bbl@dirlevel=\count284

(/usr/local/texlive/2026basic/texmf-dist/tex/generic/babel/locale/en/babel-engl
ish.tex)
Package babel Info: Importing font and identification data for english
(babel)             from babel-en.ini. Reported on input line 4330.

(/usr/local/texlive/2026basic/texmf-dist/tex/generic/babel-english/english.ldf
Language: english 2017/06/06 v3.3r English support from the babel system
Package babel Info: Hyphen rules for 'canadian' set to \l@english
(babel)             (\language0). Reported on input line 102.
Package babel Info: Hyphen rules for 'australian' set to \l@ukenglish
(babel)             (\language7). Reported on input line 105.
Package babel Info: Hyphen rules for 'newzealand' set to \l@ukenglish
(babel)             (\language7). Reported on input line 108.
)) (/usr/local/texlive/2026basic/texmf-dist/tex/latex/hyphenat/hyphenat.sty
Package: hyphenat 2009/09/02 v2.3c hyphenation utilities
\langwohyphens=\language24
LaTeX Info: Redefining \_ on input line 43.
)
(/usr/local/texlive/2026basic/texmf-dist/tex/latex/csquotes/csquotes.sty
Package: csquotes 2024-04-04 v5.2o context-sensitive quotations (JAW)

(/usr/local/texlive/2026basic/texmf-dist/tex/latex/etoolbox/etoolbox.sty
Package: etoolbox 2025/10/02 v2.5m e-TeX tools for LaTeX (JAW)
\etb@tempcnta=\count285
)
(/usr/local/texlive/2026basic/texmf-dist/tex/latex/graphics/keyval.sty
Package: keyval 2022/05/29 v1.15 key=value parser (DPC)
\KV@toks@=\toks19
)
\csq@reset=\count286
\csq@gtype=\count287
\csq@glevel=\count288
\csq@qlevel=\count289
\csq@maxlvl=\count290
\csq@tshold=\count291
\csq@ltx@everypar=\toks20

(/usr/local/texlive/2026basic/texmf-dist/tex/latex/csquotes/csquotes.def
File: csquotes.def 2024-04-04 v5.2o csquotes generic definitions (JAW)
)
Package csquotes Info: Trying to load configuration file 'csquotes.cfg'...
Package csquotes Info: ... configuration file loaded successfully.

(/usr/local/texlive/2026basic/texmf-dist/tex/latex/csquotes/csquotes.cfg
File: csquotes.cfg 
))
(/usr/local/texlive/2026basic/texmf-dist/tex/latex/geometry/geometry.sty
Package: geometry 2020/01/02 v5.9 Page Geometry

(/usr/local/texlive/2026basic/texmf-dist/tex/generic/iftex/ifvtex.sty
Package: ifvtex 2019/10/25 v1.7 ifvtex legacy package. Use iftex instead.

(/usr/local/texlive/2026basic/texmf-dist/tex/generic/iftex/iftex.sty
Package: iftex 2024/12/12 v1.0g TeX engine tests
))
\Gm@cnth=\count292
\Gm@cntv=\count293
\c@Gm@tempcnt=\count294
\Gm@bindingoffset=\dimen150
\Gm@wd@mp=\dimen151
\Gm@odd@mp=\dimen152
\Gm@even@mp=\dimen153
\Gm@layoutwidth=\dimen154
\Gm@layoutheight=\dimen155
\Gm@layouthoffset=\dimen156
\Gm@layoutvoffset=\dimen157
\Gm@dimlist=\toks21
)
(/usr/local/texlive/2026basic/texmf-dist/tex/latex/setspace/setspace.sty
Package: setspace 2022/12/04 v6.7b set line spacing
)
(/usr/local/texlive/2026basic/texmf-dist/tex/latex/lm/lmodern.sty
Package: lmodern 2015/05/01 v1.6.1 Latin Modern Fonts
LaTeX Font Info:    Overwriting symbol font `operators' in version `normal'
(Font)                  OT1/cmr/m/n --> OT1/lmr/m/n on input line 22.
LaTeX Font Info:    Overwriting symbol font `letters' in version `normal'
(Font)                  OML/cmm/m/it --> OML/lmm/m/it on input line 23.
LaTeX Font Info:    Overwriting symbol font `symbols' in version `normal'
(Font)                  OMS/cmsy/m/n --> OMS/lmsy/m/n on input line 24.
LaTeX Font Info:    Overwriting symbol font `largesymbols' in version `normal'
(Font)                  OMX/cmex/m/n --> OMX/lmex/m/n on input line 25.
LaTeX Font Info:    Overwriting symbol font `operators' in version `bold'
(Font)                  OT1/cmr/bx/n --> OT1/lmr/bx/n on input line 26.
LaTeX Font Info:    Overwriting symbol font `letters' in version `bold'
(Font)                  OML/cmm/b/it --> OML/lmm/b/it on input line 27.
LaTeX Font Info:    Overwriting symbol font `symbols' in version `bold'
(Font)                  OMS/cmsy/b/n --> OMS/lmsy/b/n on input line 28.
LaTeX Font Info:    Overwriting symbol font `largesymbols' in version `bold'
(Font)                  OMX/cmex/m/n --> OMX/lmex/m/n on input line 29.
LaTeX Font Info:    Overwriting math alphabet `\mathbf' in version `normal'
(Font)                  OT1/cmr/bx/n --> OT1/lmr/bx/n on input line 31.
LaTeX Font Info:    Overwriting math alphabet `\mathsf' in version `normal'
(Font)                  OT1/cmss/m/n --> OT1/lmss/m/n on input line 32.
LaTeX Font Info:    Overwriting math alphabet `\mathit' in version `normal'
(Font)                  OT1/cmr/m/it --> OT1/lmr/m/it on input line 33.
LaTeX Font Info:    Overwriting math alphabet `\mathtt' in version `normal'
(Font)                  OT1/cmtt/m/n --> OT1/lmtt/m/n on input line 34.
LaTeX Font Info:    Overwriting math alphabet `\mathbf' in version `bold'
(Font)                  OT1/cmr/bx/n --> OT1/lmr/bx/n on input line 35.
LaTeX Font Info:    Overwriting math alphabet `\mathsf' in version `bold'
(Font)                  OT1/cmss/bx/n --> OT1/lmss/bx/n on input line 36.
LaTeX Font Info:    Overwriting math alphabet `\mathit' in version `bold'
(Font)                  OT1/cmr/bx/it --> OT1/lmr/bx/it on input line 37.
LaTeX Font Info:    Overwriting math alphabet `\mathtt' in version `bold'
(Font)                  OT1/cmtt/m/n --> OT1/lmtt/m/n on input line 38.
)
(/usr/local/texlive/2026basic/texmf-dist/tex/latex/microtype/microtype.sty
Package: microtype 2026/03/01 v3.2d Micro-typographical refinements (RS)
\MT@toks=\toks22
\MT@tempbox=\box53
\MT@count=\count295
LaTeX Info: Redefining \noprotrusionifhmode on input line 1084.
LaTeX Info: Redefining \leftprotrusion on input line 1085.
\MT@prot@toks=\toks23
LaTeX Info: Redefining \rightprotrusion on input line 1104.
LaTeX Info: Redefining \textls on input line 1449.
\MT@outer@kern=\dimen158
LaTeX Info: Redefining \microtypecontext on input line 2053.
LaTeX Info: Redefining \textmicrotypecontext on input line 2070.
\MT@listname@count=\count296

(/usr/local/texlive/2026basic/texmf-dist/tex/latex/microtype/microtype-pdftex.d
ef
File: microtype-pdftex.def 2026/03/01 v3.2d Definitions specific to pdftex (RS)

LaTeX Info: Redefining \lsstyle on input line 944.
LaTeX Info: Redefining \lslig on input line 944.
\MT@outer@space=\skip51
)
Package microtype Info: Loading configuration file microtype.cfg.
 (/usr/local/texlive/2026basic/texmf-dist/tex/latex/microtype/microtype.cfg
File: microtype.cfg 2026/03/01 v3.2d microtype main configuration file (RS)
)
LaTeX Info: Redefining \microtypesetup on input line 3065.
) (/usr/local/texlive/2026basic/texmf-dist/tex/latex/titlesec/titlesec.sty
Package: titlesec 2025/01/04 v2.17 Sectioning titles
\ttl@box=\box54
\beforetitleunit=\skip52
\aftertitleunit=\skip53
\ttl@plus=\dimen159
\ttl@minus=\dimen160
\ttl@toksa=\toks24
\titlewidth=\dimen161
\titlewidthlast=\dimen162
\titlewidthfirst=\dimen163
)
(/usr/local/texlive/2026basic/texmf-dist/tex/latex/amsmath/amsmath.sty
Package: amsmath 2025/07/09 v2.17z AMS math features
\@mathmargin=\skip54

For additional information on amsmath, use the `?' option.
(/usr/local/texlive/2026basic/texmf-dist/tex/latex/amsmath/amstext.sty
Package: amstext 2024/11/17 v2.01 AMS text

(/usr/local/texlive/2026basic/texmf-dist/tex/latex/amsmath/amsgen.sty
File: amsgen.sty 1999/11/30 v2.0 generic functions
\@emptytoks=\toks25
\ex@=\dimen164
))
(/usr/local/texlive/2026basic/texmf-dist/tex/latex/amsmath/amsbsy.sty
Package: amsbsy 1999/11/29 v1.2d Bold Symbols
\pmbraise@=\dimen165
)
(/usr/local/texlive/2026basic/texmf-dist/tex/latex/amsmath/amsopn.sty
Package: amsopn 2022/04/08 v2.04 operator names
)
\inf@bad=\count297
LaTeX Info: Redefining \frac on input line 233.
\uproot@=\count298
\leftroot@=\count299
LaTeX Info: Redefining \overline on input line 398.
LaTeX Info: Redefining \colon on input line 409.
\classnum@=\count300
\DOTSCASE@=\count301
LaTeX Info: Redefining \ldots on input line 495.
LaTeX Info: Redefining \dots on input line 498.
LaTeX Info: Redefining \cdots on input line 619.
\Mathstrutbox@=\box55
\strutbox@=\box56
LaTeX Info: Redefining \big on input line 721.
LaTeX Info: Redefining \Big on input line 722.
LaTeX Info: Redefining \bigg on input line 723.
LaTeX Info: Redefining \Bigg on input line 724.
\big@size=\dimen166
LaTeX Font Info:    Redeclaring font encoding OML on input line 742.
LaTeX Font Info:    Redeclaring font encoding OMS on input line 743.
\macc@depth=\count302
LaTeX Info: Redefining \bmod on input line 904.
LaTeX Info: Redefining \pmod on input line 909.
LaTeX Info: Redefining \smash on input line 939.
LaTeX Info: Redefining \relbar on input line 969.
LaTeX Info: Redefining \Relbar on input line 970.
\c@MaxMatrixCols=\count303
\dotsspace@=\muskip17
\c@parentequation=\count304
\dspbrk@lvl=\count305
\tag@help=\toks26
\row@=\count306
\column@=\count307
\maxfields@=\count308
\andhelp@=\toks27
\eqnshift@=\dimen167
\alignsep@=\dimen168
\tagshift@=\dimen169
\tagwidth@=\dimen170
\totwidth@=\dimen171
\lineht@=\dimen172
\@envbody=\toks28
\multlinegap=\skip55
\multlinetaggap=\skip56
\mathdisplay@stack=\toks29
LaTeX Info: Redefining \[ on input line 2950.
LaTeX Info: Redefining \] on input line 2951.
)
(/usr/local/texlive/2026basic/texmf-dist/tex/latex/amsfonts/amssymb.sty
Package: amssymb 2013/01/14 v3.01 AMS font symbols

(/usr/local/texlive/2026basic/texmf-dist/tex/latex/amsfonts/amsfonts.sty
Package: amsfonts 2013/01/14 v3.01 Basic AMSFonts support
\symAMSa=\mathgroup4
\symAMSb=\mathgroup5
LaTeX Font Info:    Redeclaring math symbol \hbar on input line 98.
LaTeX Font Info:    Overwriting math alphabet `\mathfrak' in version `bold'
(Font)                  U/euf/m/n --> U/euf/b/n on input line 106.
))
(/usr/local/texlive/2026basic/texmf-dist/tex/latex/mathtools/mathtools.sty
Package: mathtools 2024/10/04 v1.31 mathematical typesetting tools

(/usr/local/texlive/2026basic/texmf-dist/tex/latex/tools/calc.sty
Package: calc 2025/03/01 v4.3b Infix arithmetic (KKT,FJ)
\calc@Acount=\count309
\calc@Bcount=\count310
\calc@Adimen=\dimen173
\calc@Bdimen=\dimen174
\calc@Askip=\skip57
\calc@Bskip=\skip58
LaTeX Info: Redefining \setlength on input line 86.
LaTeX Info: Redefining \addtolength on input line 87.
\calc@Ccount=\count311
\calc@Cskip=\skip59
)
(/usr/local/texlive/2026basic/texmf-dist/tex/latex/mathtools/mhsetup.sty
Package: mhsetup 2021/03/18 v1.4 programming setup (MH)
)
\g_MT_multlinerow_int=\count312
\l_MT_multwidth_dim=\dimen175
\origjot=\skip60
\l_MT_shortvdotswithinadjustabove_dim=\dimen176
\l_MT_shortvdotswithinadjustbelow_dim=\dimen177
\l_MT_above_intertext_sep=\dimen178
\l_MT_below_intertext_sep=\dimen179
\l_MT_above_shortintertext_sep=\dimen180
\l_MT_below_shortintertext_sep=\dimen181
\xmathstrut@box=\box57
\xmathstrut@dim=\dimen182
)
(/usr/local/texlive/2026basic/texmf-dist/tex/latex/graphics/graphicx.sty
Package: graphicx 2024/12/31 v1.2e Enhanced LaTeX Graphics (DPC,SPQR)

(/usr/local/texlive/2026basic/texmf-dist/tex/latex/graphics/graphics.sty
Package: graphics 2024/08/06 v1.4g Standard LaTeX Graphics (DPC,SPQR)

(/usr/local/texlive/2026basic/texmf-dist/tex/latex/graphics/trig.sty
Package: trig 2023/12/02 v1.11 sin cos tan (DPC)
)
(/usr/local/texlive/2026basic/texmf-dist/tex/latex/graphics-cfg/graphics.cfg
File: graphics.cfg 2016/06/04 v1.11 sample graphics configuration
)
Package graphics Info: Driver file: pdftex.def on input line 106.

(/usr/local/texlive/2026basic/texmf-dist/tex/latex/graphics-def/pdftex.def
File: pdftex.def 2025/09/29 v1.2d Graphics/color driver for pdftex
))
\Gin@req@height=\dimen183
\Gin@req@width=\dimen184
)
(/usr/local/texlive/2026basic/texmf-dist/tex/latex/float/float.sty
Package: float 2001/11/08 v1.3d Float enhancements (AL)
\c@float@type=\count313
\float@exts=\toks30
\float@box=\box58
\@float@everytoks=\toks31
\@floatcapt=\box59
)
(/usr/local/texlive/2026basic/texmf-dist/tex/latex/booktabs/booktabs.sty
Package: booktabs 2020/01/12 v1.61803398 Publication quality tables
\heavyrulewidth=\dimen185
\lightrulewidth=\dimen186
\cmidrulewidth=\dimen187
\belowrulesep=\dimen188
\belowbottomsep=\dimen189
\aboverulesep=\dimen190
\abovetopsep=\dimen191
\cmidrulesep=\dimen192
\cmidrulekern=\dimen193
\defaultaddspace=\dimen194
\@cmidla=\count314
\@cmidlb=\count315
\@aboverulesep=\dimen195
\@belowrulesep=\dimen196
\@thisruleclass=\count316
\@lastruleclass=\count317
\@thisrulewidth=\dimen197
)
(/usr/local/texlive/2026basic/texmf-dist/tex/latex/tools/longtable.sty
Package: longtable 2025-10-13 v4.24 Multi-page Table package (DPC)
\LTleft=\skip61
\LTright=\skip62
\LTpre=\skip63
\LTpost=\skip64
\LTchunksize=\count318
\LTcapwidth=\dimen198
\LT@head=\box60
\LT@firsthead=\box61
\LT@foot=\box62
\LT@lastfoot=\box63
\LT@gbox=\box64
\LT@cols=\count319
\LT@rows=\count320
\c@LT@tables=\count321
\c@LT@chunks=\count322
\LT@p@ftn=\toks32
)
(/usr/local/texlive/2026basic/texmf-dist/tex/latex/tools/array.sty
Package: array 2025/09/25 v2.6n Tabular extension package (FMi)
\col@sep=\dimen199
\ar@mcellbox=\box65
\extrarowheight=\dimen256
\NC@list=\toks33
\extratabsurround=\skip65
\backup@length=\skip66
\ar@cellbox=\box66
)
(/usr/local/texlive/2026basic/texmf-dist/tex/latex/tools/tabularx.sty
Package: tabularx 2023/12/11 v2.12a `tabularx' package (DPC)
\TX@col@width=\dimen257
\TX@old@table=\dimen258
\TX@old@col=\dimen259
\TX@target=\dimen260
\TX@delta=\dimen261
\TX@cols=\count323
\TX@ftn=\toks34
)
(/usr/local/texlive/2026basic/texmf-dist/tex/latex/caption/caption.sty
Package: caption 2023/08/05 v3.6o Customizing captions (AR)

(/usr/local/texlive/2026basic/texmf-dist/tex/latex/caption/caption3.sty
Package: caption3 2023/07/31 v2.4d caption3 kernel (AR)
\caption@tempdima=\dimen262
\captionmargin=\dimen263
\caption@leftmargin=\dimen264
\caption@rightmargin=\dimen265
\caption@width=\dimen266
\caption@indent=\dimen267
\caption@parindent=\dimen268
\caption@hangindent=\dimen269
Package caption Info: Standard document class detected.
)
\c@caption@flags=\count324
\c@continuedfloat=\count325
Package caption Info: float package is loaded.
Package caption Info: longtable package is loaded.

(/usr/local/texlive/2026basic/texmf-dist/tex/latex/caption/ltcaption.sty
Package: ltcaption 2021/01/08 v1.4c longtable captions (AR)
))
(/usr/local/texlive/2026basic/texmf-dist/tex/latex/caption/subcaption.sty
Package: subcaption 2023/07/28 v1.6b Sub-captions (AR)
Package caption Info: New subtype `subfigure' on input line 238.
\c@subfigure=\count326
Package caption Info: New subtype `subtable' on input line 238.
\c@subtable=\count327
)
(/usr/local/texlive/2026basic/texmf-dist/tex/latex/enumitem/enumitem.sty
Package: enumitem 2025/02/06 v3.11 Customized lists
\labelindent=\skip67
\enit@outerparindent=\dimen270
\enit@toks=\toks35
\enit@inbox=\box67
\enit@count@id=\count328
\enitdp@description=\count329
)
(/usr/local/texlive/2026basic/texmf-dist/tex/latex/siunitx/siunitx.sty
Package: siunitx 2026-03-26 v3.5.1 A comprehensive (SI) units package
\l__siunitx_number_uncert_offset_int=\count330
\l__siunitx_number_exponent_fixed_int=\count331
\l__siunitx_number_min_decimal_int=\count332
\l__siunitx_number_min_integer_int=\count333
\l__siunitx_number_round_precision_int=\count334
\l__siunitx_number_lower_threshold_int=\count335
\l__siunitx_number_upper_threshold_int=\count336
\l__siunitx_number_group_first_int=\count337
\l__siunitx_number_group_size_int=\count338
\l__siunitx_number_group_min_int=\count339
\l__siunitx_number_group_minimum_int=\count340
\l__siunitx_compound_count_int=\count341
\l__siunitx_table_tmp_box=\box68
\l__siunitx_table_tmp_dim=\dimen271
\l__siunitx_table_column_width_dim=\dimen272
\l__siunitx_table_integer_box=\box69
\l__siunitx_table_decimal_box=\box70
\l__siunitx_table_uncert_box=\box71
\l__siunitx_table_before_box=\box72
\l__siunitx_table_after_box=\box73
\l__siunitx_table_before_dim=\dimen273
\l__siunitx_table_carry_dim=\dimen274
\l__siunitx_unit_tmp_int=\count342
\l__siunitx_unit_position_int=\count343
\l__siunitx_unit_total_int=\count344
\l__siunitx_sexagesimal_tmp_dim=\dimen275
\l__siunitx_sexagesimal_marker_box=\box74
\l__siunitx_sexagesimal_unit_box=\box75
)
(/usr/local/texlive/2026basic/texmf-dist/tex/latex/natbib/natbib.sty
Package: natbib 2010/09/13 8.31b (PWD, AO)
\bibhang=\skip68
\bibsep=\skip69
LaTeX Info: Redefining \cite on input line 694.
\c@NAT@ctr=\count345
)
(/usr/local/texlive/2026basic/texmf-dist/tex/latex/hyperref/hyperref.sty
Package: hyperref 2026-01-29 v7.01p Hypertext links for LaTeX

(/usr/local/texlive/2026basic/texmf-dist/tex/latex/kvsetkeys/kvsetkeys.sty
Package: kvsetkeys 2022-10-05 v1.19 Key value parser (HO)
)
(/usr/local/texlive/2026basic/texmf-dist/tex/generic/kvdefinekeys/kvdefinekeys.
sty
Package: kvdefinekeys 2019-12-19 v1.6 Define keys (HO)
)
(/usr/local/texlive/2026basic/texmf-dist/tex/generic/pdfescape/pdfescape.sty
Package: pdfescape 2019/12/09 v1.15 Implements pdfTeX's escape features (HO)

(/usr/local/texlive/2026basic/texmf-dist/tex/generic/ltxcmds/ltxcmds.sty
Package: ltxcmds 2023-12-04 v1.26 LaTeX kernel commands for general use (HO)
)
(/usr/local/texlive/2026basic/texmf-dist/tex/generic/pdftexcmds/pdftexcmds.sty
Package: pdftexcmds 2020-06-27 v0.33 Utility functions of pdfTeX for LuaTeX (HO
)

(/usr/local/texlive/2026basic/texmf-dist/tex/generic/infwarerr/infwarerr.sty
Package: infwarerr 2019/12/03 v1.5 Providing info/warning/error messages (HO)
)
Package pdftexcmds Info: \pdf@primitive is available.
Package pdftexcmds Info: \pdf@ifprimitive is available.
Package pdftexcmds Info: \pdfdraftmode found.
)) (/usr/local/texlive/2026basic/texmf-dist/tex/latex/hycolor/hycolor.sty
Package: hycolor 2020-01-27 v1.10 Color options for hyperref/bookmark (HO)
)
(/usr/local/texlive/2026basic/texmf-dist/tex/latex/hyperref/nameref.sty
Package: nameref 2026-01-29 v2.58 Cross-referencing by name of section

(/usr/local/texlive/2026basic/texmf-dist/tex/latex/refcount/refcount.sty
Package: refcount 2019/12/15 v3.6 Data extraction from label references (HO)
)
(/usr/local/texlive/2026basic/texmf-dist/tex/generic/gettitlestring/gettitlestr
ing.sty
Package: gettitlestring 2019/12/15 v1.6 Cleanup title references (HO)

(/usr/local/texlive/2026basic/texmf-dist/tex/latex/kvoptions/kvoptions.sty
Package: kvoptions 2022-06-15 v3.15 Key value format for package options (HO)
))
\c@section@level=\count346
)
(/usr/local/texlive/2026basic/texmf-dist/tex/generic/stringenc/stringenc.sty
Package: stringenc 2019/11/29 v1.12 Convert strings between diff. encodings (HO
)
)
\@linkdim=\dimen276
\Hy@linkcounter=\count347
\Hy@pagecounter=\count348

(/usr/local/texlive/2026basic/texmf-dist/tex/latex/hyperref/pd1enc.def
File: pd1enc.def 2026-01-29 v7.01p Hyperref: PDFDocEncoding definition (HO)
Now handling font encoding PD1 ...
... no UTF-8 mapping file for font encoding PD1
)
(/usr/local/texlive/2026basic/texmf-dist/tex/generic/intcalc/intcalc.sty
Package: intcalc 2019/12/15 v1.3 Expandable calculations with integers (HO)
)
\Hy@SavedSpaceFactor=\count349

(/usr/local/texlive/2026basic/texmf-dist/tex/latex/hyperref/puenc.def
File: puenc.def 2026-01-29 v7.01p Hyperref: PDF Unicode definition (HO)
Now handling font encoding PU ...
... no UTF-8 mapping file for font encoding PU
)
Package hyperref Info: Hyper figures OFF on input line 4201.
Package hyperref Info: Link nesting OFF on input line 4206.
Package hyperref Info: Hyper index ON on input line 4209.
Package hyperref Info: Plain pages OFF on input line 4216.
Package hyperref Info: Backreferencing OFF on input line 4221.
Package hyperref Info: Implicit mode ON; LaTeX internals redefined.
Package hyperref Info: Bookmarks ON on input line 4468.
\c@Hy@tempcnt=\count350

(/usr/local/texlive/2026basic/texmf-dist/tex/latex/url/url.sty
\Urlmuskip=\muskip18
Package: url 2013/09/16  ver 3.4  Verb mode for urls, etc.
)
LaTeX Info: Redefining \url on input line 4807.
\XeTeXLinkMargin=\dimen277

(/usr/local/texlive/2026basic/texmf-dist/tex/generic/bitset/bitset.sty
Package: bitset 2019/12/09 v1.3 Handle bit-vector datatype (HO)

(/usr/local/texlive/2026basic/texmf-dist/tex/generic/bigintcalc/bigintcalc.sty
Package: bigintcalc 2019/12/15 v1.5 Expandable calculations on big integers (HO
)
))
\Fld@menulength=\count351
\Field@Width=\dimen278
\Fld@charsize=\dimen279
Package hyperref Info: Hyper figures OFF on input line 6084.
Package hyperref Info: Link nesting OFF on input line 6089.
Package hyperref Info: Hyper index ON on input line 6092.
Package hyperref Info: backreferencing OFF on input line 6099.
Package hyperref Info: Link coloring OFF on input line 6104.
Package hyperref Info: Link coloring with OCG OFF on input line 6109.
Package hyperref Info: PDF/A mode OFF on input line 6114.
\Hy@abspage=\count352
\c@Item=\count353
\c@Hfootnote=\count354
)
Package hyperref Info: Driver (autodetected): hpdftex.
 (/usr/local/texlive/2026basic/texmf-dist/tex/latex/hyperref/hpdftex.def
File: hpdftex.def 2026-01-29 v7.01p Hyperref driver for pdfTeX
\Fld@listcount=\count355
\c@bookmark@seq@number=\count356

(/usr/local/texlive/2026basic/texmf-dist/tex/latex/rerunfilecheck/rerunfilechec
k.sty
Package: rerunfilecheck 2025-06-21 v1.11 Rerun checks for auxiliary files (HO)

(/usr/local/texlive/2026basic/texmf-dist/tex/generic/uniquecounter/uniquecounte
r.sty
Package: uniquecounter 2019/12/15 v1.4 Provide unlimited unique counter (HO)
)
Package uniquecounter Info: New unique counter `rerunfilecheck' on input line 2
84.
)
\Hy@SectionHShift=\skip70
)
(/usr/local/texlive/2026basic/texmf-dist/tex/latex/cleveref/cleveref.sty
Package: cleveref 2018/03/27 v0.21.4 Intelligent cross-referencing
Package cleveref Info: `hyperref' support loaded on input line 2370.
LaTeX Info: Redefining \cref on input line 2370.
LaTeX Info: Redefining \Cref on input line 2370.
LaTeX Info: Redefining \crefrange on input line 2370.
LaTeX Info: Redefining \Crefrange on input line 2370.
LaTeX Info: Redefining \cpageref on input line 2370.
LaTeX Info: Redefining \Cpageref on input line 2370.
LaTeX Info: Redefining \cpagerefrange on input line 2370.
LaTeX Info: Redefining \Cpagerefrange on input line 2370.
LaTeX Info: Redefining \labelcref on input line 2370.
LaTeX Info: Redefining \labelcpageref on input line 2370.
Package cleveref Info: include cross-reference names in hyperlinks on input lin
e 7836.
Package cleveref Info: include cross-reference names in hyperlinks on input lin
e 7852.
Package cleveref Info: no abbreviation of names on input line 7852.
)
==> First Aid for cleveref.sty applied!
\texcountin=\read3
Package csquotes Info: Checking for multilingual support...
Package csquotes Info: ... found 'babel' package.
Package csquotes Info: Adjusting default style.
Package csquotes Info: Redefining alias 'default' -> 'english'.
(/usr/local/texlive/2026basic/texmf-dist/tex/latex/graphics/color.sty
Package: color 2025/01/14 v1.3e Standard LaTeX Color (DPC)

(/usr/local/texlive/2026basic/texmf-dist/tex/latex/graphics-cfg/color.cfg
File: color.cfg 2016/01/02 v1.6 sample color configuration
)
Package color Info: Driver file: pdftex.def on input line 149.

(/usr/local/texlive/2026basic/texmf-dist/tex/latex/graphics/mathcolor.ltx))
LaTeX Font Info:    Trying to load font information for T1+lmr on input line 15
1.

(/usr/local/texlive/2026basic/texmf-dist/tex/latex/lm/t1lmr.fd
File: t1lmr.fd 2015/05/01 v1.6.1 Font defs for Latin Modern
)
(/usr/local/texlive/2026basic/texmf-dist/tex/latex/l3backend/l3backend-pdftex.d
ef
File: l3backend-pdftex.def 2025-10-09 L3 backend support: PDF output (pdfTeX)
\l__color_backend_stack_int=\count357
)
No file bachelor_thesis_compile_check2.aux.
\openout1 = `bachelor_thesis_compile_check2.aux'.

LaTeX Font Info:    Checking defaults for OML/cmm/m/it on input line 151.
LaTeX Font Info:    ... okay on input line 151.
LaTeX Font Info:    Checking defaults for OMS/cmsy/m/n on input line 151.
LaTeX Font Info:    ... okay on input line 151.
LaTeX Font Info:    Checking defaults for OT1/cmr/m/n on input line 151.
LaTeX Font Info:    ... okay on input line 151.
LaTeX Font Info:    Checking defaults for T1/cmr/m/n on input line 151.
LaTeX Font Info:    ... okay on input line 151.
LaTeX Font Info:    Checking defaults for TS1/cmr/m/n on input line 151.
LaTeX Font Info:    ... okay on input line 151.
LaTeX Font Info:    Checking defaults for OMX/cmex/m/n on input line 151.
LaTeX Font Info:    ... okay on input line 151.
LaTeX Font Info:    Checking defaults for U/cmr/m/n on input line 151.
LaTeX Font Info:    ... okay on input line 151.
LaTeX Font Info:    Checking defaults for PD1/pdf/m/n on input line 151.
LaTeX Font Info:    ... okay on input line 151.
LaTeX Font Info:    Checking defaults for PU/pdf/m/n on input line 151.
LaTeX Font Info:    ... okay on input line 151.
*geometry* driver: auto-detecting
*geometry* detected driver: pdftex
*geometry* verbose mode - [ preamble ] result:
* driver: pdftex
* paper: a4paper
* layout: <same size as paper>
* layoutoffset:(h,v)=(0.0pt,0.0pt)
* modes: 
* h-part:(L,W,R)=(57.81621pt, 481.87546pt, 57.81621pt)
* v-part:(T,H,B)=(57.81621pt, 714.96065pt, 72.26999pt)
* \paperwidth=597.50787pt
* \paperheight=845.04684pt
* \textwidth=481.87546pt
* \textheight=714.96065pt
* \oddsidemargin=-14.45378pt
* \evensidemargin=-14.45378pt
* \topmargin=-51.45378pt
* \headheight=12.0pt
* \headsep=25.0pt
* \topskip=11.0pt
* \footskip=30.0pt
* \marginparwidth=59.0pt
* \marginparsep=10.0pt
* \columnsep=10.0pt
* \skip\footins=10.0pt plus 4.0pt minus 2.0pt
* \hoffset=0.0pt
* \voffset=0.0pt
* \mag=1000
* \@twocolumnfalse
* \@twosidefalse
* \@mparswitchfalse
* \@reversemarginfalse
* (1in=72.27pt=25.4mm, 1cm=28.453pt)

LaTeX Info: Redefining \microtypecontext on input line 151.
Package microtype Info: Applying patch `item' on input line 151.
Package microtype Info: Applying patch `toc' on input line 151.
Package microtype Info: Applying patch `eqnum' on input line 151.
Package microtype Info: Applying patch `footnote' on input line 151.
Package microtype Info: Applying patch `verbatim' on input line 151.
LaTeX Info: Redefining \microtypesetup on input line 151.
Package microtype Info: Generating PDF output.
Package microtype Info: Character protrusion enabled (level 2).
Package microtype Info: Using default protrusion set `alltext'.
Package microtype Info: Automatic font expansion enabled (level 2),
(microtype)             stretch: 20, shrink: 20, step: 1, non-selected.
Package microtype Info: Using default expansion set `alltext-nott'.
Package microtype Info: Patching command `\showhyphens'.
Package microtype Info: No adjustment of tracking.
Package microtype Info: No adjustment of interword spacing.
Package microtype Info: No adjustment of character kerning.
(/usr/local/texlive/2026basic/texmf-dist/tex/latex/microtype/mt-cmr.cfg
File: mt-cmr.cfg 2013/05/19 v2.2 microtype config. file: Computer Modern Roman 
(RS)
)
(/usr/local/texlive/2026basic/texmf-dist/tex/context/base/mkii/supp-pdf.mkii
[Loading MPS to PDF converter (version 2006.09.02).]
\scratchcounter=\count358
\scratchdimen=\dimen280
\scratchbox=\box76
\nofMPsegments=\count359
\nofMParguments=\count360
\everyMPshowfont=\toks36
\MPscratchCnt=\count361
\MPscratchDim=\dimen281
\MPnumerator=\count362
\makeMPintoPDFobject=\count363
\everyMPtoPDFconversion=\toks37
)
(/usr/local/texlive/2026basic/texmf-dist/tex/latex/epstopdf-pkg/epstopdf-base.s
ty
Package: epstopdf-base 2020-01-24 v2.11 Base part for package epstopdf
Package epstopdf-base Info: Redefining graphics rule for `.eps' on input line 4
85.

(/usr/local/texlive/2026basic/texmf-dist/tex/latex/latexconfig/epstopdf-sys.cfg
File: epstopdf-sys.cfg 2010/07/13 v1.3 Configuration of (r)epstopdf for TeX Liv
e
))
Package caption Info: Begin \AtBeginDocument code.
Package caption Info: hyperref package is loaded.
Package caption Info: End \AtBeginDocument code.
Package hyperref Info: Link coloring OFF on input line 151.
\@outlinefile=\write3
\openout3 = `bachelor_thesis_compile_check2.out'.

runsystem(texcount -1 -sum -merge "bachelor_thesis_compile_check2.tex" > "bache
lor_thesis_compile_check2-words.sum" || echo N/A > "bachelor_thesis_compile_che
ck2-words.sum")...disabled (restricted).

runsystem(texcount -1 -sum -merge -char "bachelor_thesis_compile_check2.tex" > 
"bachelor_thesis_compile_check2-chars.sum" || echo N/A > "bachelor_thesis_compi
le_check2-chars.sum")...disabled (restricted).

Package hyperref Info: Option `pageanchor' set `false' on input line 156.
LaTeX Font Info:    Trying to load font information for OT1+lmr on input line 1
73.
 (/usr/local/texlive/2026basic/texmf-dist/tex/latex/lm/ot1lmr.fd
File: ot1lmr.fd 2015/05/01 v1.6.1 Font defs for Latin Modern
)
LaTeX Font Info:    Trying to load font information for OML+lmm on input line 1
73.

(/usr/local/texlive/2026basic/texmf-dist/tex/latex/lm/omllmm.fd
File: omllmm.fd 2015/05/01 v1.6.1 Font defs for Latin Modern
)
LaTeX Font Info:    Trying to load font information for OMS+lmsy on input line 
173.

(/usr/local/texlive/2026basic/texmf-dist/tex/latex/lm/omslmsy.fd
File: omslmsy.fd 2015/05/01 v1.6.1 Font defs for Latin Modern
)
LaTeX Font Info:    Trying to load font information for OMX+lmex on input line 
173.

(/usr/local/texlive/2026basic/texmf-dist/tex/latex/lm/omxlmex.fd
File: omxlmex.fd 2015/05/01 v1.6.1 Font defs for Latin Modern
)
LaTeX Font Info:    External font `lmex10' loaded for size
(Font)              <10.95> on input line 173.
LaTeX Font Info:    External font `lmex10' loaded for size
(Font)              <8> on input line 173.
LaTeX Font Info:    External font `lmex10' loaded for size
(Font)              <6> on input line 173.
LaTeX Font Info:    Trying to load font information for U+msa on input line 173
.

(/usr/local/texlive/2026basic/texmf-dist/tex/latex/amsfonts/umsa.fd
File: umsa.fd 2013/01/14 v3.01 AMS symbols A
)
(/usr/local/texlive/2026basic/texmf-dist/tex/latex/microtype/mt-msa.cfg
File: mt-msa.cfg 2006/02/04 v1.1 microtype config. file: AMS symbols (a) (RS)
)
LaTeX Font Info:    Trying to load font information for U+msb on input line 173
.

(/usr/local/texlive/2026basic/texmf-dist/tex/latex/amsfonts/umsb.fd
File: umsb.fd 2013/01/14 v3.01 AMS symbols B
)
(/usr/local/texlive/2026basic/texmf-dist/tex/latex/microtype/mt-msb.cfg
File: mt-msb.cfg 2005/06/01 v1.0 microtype config. file: AMS symbols (b) (RS)
)
[1

{/usr/local/texlive/2026basic/texmf-var/fonts/map/pdftex/updmap/pdftex.map}{/us
r/local/texlive/2026basic/texmf-dist/fonts/enc/dvips/lm/lm-ec.enc}]
Package hyperref Info: Option `pageanchor' set `true' on input line 186.

No file bachelor_thesis_compile_check2.toc.
\tf@toc=\write4
\openout4 = `bachelor_thesis_compile_check2.toc'.

[1]

Package natbib Warning: Citation `fama1970efficient' on page 1 undefined on inp
ut line 202.


Package natbib Warning: Citation `fama1991efficient' on page 1 undefined on inp
ut line 202.


Package natbib Warning: Citation `sharpe1964capital' on page 1 undefined on inp
ut line 202.


Package natbib Warning: Citation `baker2006sentiment' on page 1 undefined on in
put line 204.


Package natbib Warning: Citation `baker2007' on page 1 undefined on input line 
204.


Package natbib Warning: Citation `zhang2023sweden' on page 1 undefined on input
 line 206.


Package natbib Warning: Citation `baker2006sentiment' on page 1 undefined on in
put line 206.

LaTeX Font Info:    Trying to load font information for TS1+lmr on input line 2
17.
(/usr/local/texlive/2026basic/texmf-dist/tex/latex/lm/ts1lmr.fd
File: ts1lmr.fd 2015/05/01 v1.6.1 Font defs for Latin Modern
)

Package natbib Warning: Citation `baker2007' on page 1 undefined on input line 
218.

[1

{/usr/local/texlive/2026basic/texmf-dist/fonts/enc/dvips/lm/lm-ts1.enc}]

Package natbib Warning: Citation `oecd2026swedishequitymarket' on page 2 undefi
ned on input line 223.


Package natbib Warning: Citation `oecd2026swedishequitymarket' on page 2 undefi
ned on input line 225.


Package natbib Warning: Citation `baker2006sentiment' on page 2 undefined on in
put line 225.


Package natbib Warning: Citation `oecd2026swedishequitymarket' on page 2 undefi
ned on input line 227.


Package natbib Warning: Citation `scb2026shareholders' on page 2 undefined on i
nput line 229.


Package natbib Warning: Citation `nasdaq2026omxs30overview' on page 2 undefined
 on input line 232.

[2]
LaTeX Font Info:    External font `lmex10' loaded for size
(Font)              <10> on input line 241.
LaTeX Font Info:    External font `lmex10' loaded for size
(Font)              <7> on input line 241.
LaTeX Font Info:    External font `lmex10' loaded for size
(Font)              <5> on input line 241.
 [3]

Package natbib Warning: Citation `spglobal2026marketattributes' on page 4 undef
ined on input line 306.


Package natbib Warning: Citation `baker2006sentiment' on page 4 undefined on in
put line 310.


Package natbib Warning: Citation `scb2026shareholders' on page 4 undefined on i
nput line 312.

LaTeX Font Info:    External font `lmex10' loaded for size
(Font)              <9> on input line 312.

Package natbib Warning: Citation `euroclear2026shareownership' on page 4 undefi
ned on input line 312.


Package natbib Warning: Citation `federalreserve2026z1' on page 4 undefined on 
input line 312.


Package natbib Warning: Citation `ici2026factbook' on page 4 undefined on input
 line 312.


Package natbib Warning: Citation `wheat2025decade' on page 4 undefined on input
 line 312.

[4]

Package natbib Warning: Citation `kumar2006retail' on page 5 undefined on input
 line 314.


Package natbib Warning: Citation `barber2008glitters' on page 5 undefined on in
put line 314.


Package natbib Warning: Citation `miller1977divergence' on page 5 undefined on 
input line 318.


Package natbib Warning: Citation `blume2006smart' on page 5 undefined on input 
line 318.


Package natbib Warning: Citation `delong1990noise' on page 5 undefined on input
 line 320.


Package natbib Warning: Citation `shleifer1997limits' on page 5 undefined on in
put line 320.


Package natbib Warning: Citation `baker2006sentiment' on page 5 undefined on in
put line 322.


Package natbib Warning: Citation `baker2007' on page 5 undefined on input line 
322.

[5]

Package natbib Warning: Citation `baker2006sentiment' on page 6 undefined on in
put line 324.


Package natbib Warning: Citation `baker2006sentiment' on page 6 undefined on in
put line 326.


Package natbib Warning: Citation `baker2007' on page 6 undefined on input line 
326.


Package natbib Warning: Citation `baker2000equityshare' on page 6 undefined on 
input line 326.


Package natbib Warning: Citation `baker2006sentiment' on page 6 undefined on in
put line 328.


Package natbib Warning: Citation `qiu2006sentimentmeasures' on page 6 undefined
 on input line 330.


Package natbib Warning: Citation `baker2006sentiment' on page 6 undefined on in
put line 332.


Package natbib Warning: Citation `finter2012german' on page 6 undefined on inpu
t line 332.

[6]

Package natbib Warning: Citation `baker2007' on page 7 undefined on input line 
334.


Package natbib Warning: Citation `ding2019newtheory' on page 7 undefined on inp
ut line 334.


Package natbib Warning: Citation `stambaugh2012short' on page 7 undefined on in
put line 336.


Package natbib Warning: Citation `stambaugh2015ivol' on page 7 undefined on inp
ut line 336.


Package natbib Warning: Citation `stambaugh2014long' on page 7 undefined on inp
ut line 338.


Package natbib Warning: Citation `baker2012global' on page 7 undefined on input
 line 340.


Package natbib Warning: Citation `finter2012german' on page 7 undefined on inpu
t line 342.


Package natbib Warning: Citation `shoaib2019nordic' on page 7 undefined on inpu
t line 344.


Package natbib Warning: Citation `zhang2023sweden' on page 7 undefined on input
 line 344.


Package natbib Warning: Citation `baker2006sentiment' on page 7 undefined on in
put line 344.

[7] [8]

Package natbib Warning: Citation `baker2006sentiment' on page 9 undefined on in
put line 368.

[9]

Package natbib Warning: Citation `baker2006sentiment' on page 10 undefined on i
nput line 370.


LaTeX Warning: Reference `tab:fundamental_accounting_coverage' on page 1 undefi
ned on input line 370.


Package natbib Warning: Citation `baker2006sentiment' on page 10 undefined on i
nput line 373.


Package natbib Warning: Citation `baker2007' on page 10 undefined on input line
 373.


Package natbib Warning: Citation `stambaugh2012short' on page 10 undefined on i
nput line 373.

[10{/usr/local/texlive/2026basic/texmf-dist/fonts/enc/dvips/lm/lm-mathit.enc}]

Package natbib Warning: Citation `baker2006sentiment' on page 11 undefined on i
nput line 385.


Package natbib Warning: Citation `baker2006sentiment' on page 11 undefined on i
nput line 397.

[11{/usr/local/texlive/2026basic/texmf-dist/fonts/enc/dvips/lm/lm-rm.enc}{/usr/
local/texlive/2026basic/texmf-dist/fonts/enc/dvips/lm/lm-mathsy.enc}]

Package natbib Warning: Citation `fama1993common' on page 12 undefined on input
 line 412.


Package natbib Warning: Citation `stambaugh2015ivol' on page 12 undefined on in
put line 426.


Package natbib Warning: Citation `stambaugh2015ivol' on page 12 undefined on in
put line 428.

[12] [13]

Package natbib Warning: Citation `baker2006sentiment' on page 14 undefined on i
nput line 442.


Package natbib Warning: Citation `baker2007' on page 14 undefined on input line
 442.


Package natbib Warning: Citation `brown2004cliff' on page 14 undefined on input
 line 442.


Package natbib Warning: Citation `qiu2006sentimentmeasures' on page 14 undefine
d on input line 445.


Package natbib Warning: Citation `delong1990noise' on page 14 undefined on inpu
t line 448.


Package natbib Warning: Citation `miller1977divergence' on page 14 undefined on
 input line 448.


Package natbib Warning: Citation `baker2004stein' on page 14 undefined on input
 line 448.


Package natbib Warning: Citation `baker2000equityshare' on page 14 undefined on
 input line 448.


Package natbib Warning: Citation `ibbotson1975hot' on page 14 undefined on inpu
t line 451.


Package natbib Warning: Citation `ritter1991ipo' on page 14 undefined on input 
line 451.


Package natbib Warning: Citation `baker2006sentiment' on page 14 undefined on i
nput line 451.


Package natbib Warning: Citation `lowry2002ipo' on page 14 undefined on input l
ine 451.


Package natbib Warning: Citation `benveniste2003spillovers' on page 14 undefine
d on input line 451.

[14]

Package natbib Warning: Citation `baker2006sentiment' on page 15 undefined on i
nput line 456.


Package natbib Warning: Citation `fama2001disappearing' on page 15 undefined on
 input line 456.


Package natbib Warning: Citation `baker2004catering' on page 15 undefined on in
put line 456.


Package natbib Warning: Citation `baker2006sentiment' on page 15 undefined on i
nput line 456.


Package natbib Warning: Citation `zhang2023sweden' on page 15 undefined on inpu
t line 460.


Package natbib Warning: Citation `baker2006sentiment' on page 15 undefined on i
nput line 462.


Package natbib Warning: Citation `yi2009cicsi' on page 15 undefined on input li
ne 462.


Package natbib Warning: Citation `guo2026epu' on page 15 undefined on input lin
e 462.


LaTeX Warning: Reference `tab:sentiment_pca_stage1_component_summary' on page 1
 undefined on input line 464.


LaTeX Warning: Reference `tab:appendix_sentiment_pca_stage1_loadings' on page 1
 undefined on input line 464.


Package natbib Warning: Citation `baker2006sentiment' on page 15 undefined on i
nput line 484.


Package natbib Warning: Citation `baker2006sentiment' on page 15 undefined on i
nput line 484.

[15]

LaTeX Warning: Reference `tab:sentiment_pca_lead_lag' on page 1 undefined on in
put line 493.


LaTeX Warning: Reference `tab:sentiment_pca_raw_composition' on page 1 undefine
d on input line 516.

[16{/usr/local/texlive/2026basic/texmf-dist/fonts/enc/dvips/lm/lm-mathex.enc}]

LaTeX Warning: Reference `tab:sentiment_pca_orth_composition' on page 1 undefin
ed on input line 541.


LaTeX Warning: Reference `tab:sentiment_pca_raw_orth_comparison' on page 1 unde
fined on input line 564.

[17]

Package natbib Warning: Citation `baker2006sentiment' on page 18 undefined on i
nput line 594.


Package natbib Warning: Citation `fama1993common' on page 18 undefined on input
 line 594.


Package natbib Warning: Citation `carhart1997persistence' on page 18 undefined 
on input line 594.


Package natbib Warning: Citation `baker2006sentiment' on page 18 undefined on i
nput line 599.

[18] [19]

Package natbib Warning: Citation `fama1993common' on page 20 undefined on input
 line 635.


Package natbib Warning: Citation `baker2006sentiment' on page 20 undefined on i
nput line 640.

[20]

Package natbib Warning: Citation `baker2006sentiment' on page 21 undefined on i
nput line 642.


Package natbib Warning: Citation `baker2006sentiment' on page 21 undefined on i
nput line 644.


Package natbib Warning: Citation `baker2006sentiment' on page 21 undefined on i
nput line 644.


Package natbib Warning: Citation `baker2006sentiment' on page 21 undefined on i
nput line 646.


Package natbib Warning: Citation `stambaugh2012short' on page 21 undefined on i
nput line 648.

[21]

Package natbib Warning: Citation `baker2006sentiment' on page 22 undefined on i
nput line 650.


Package natbib Warning: Citation `baker2006sentiment' on page 22 undefined on i
nput line 654.


Package natbib Warning: Citation `li2026ecinreplication' on page 22 undefined o
n input line 654.


Package natbib Warning: Citation `baker2006sentiment' on page 22 undefined on i
nput line 659.

[22]

Package natbib Warning: Citation `stambaugh2012short' on page 23 undefined on i
nput line 698.

[23] [24]

Package natbib Warning: Citation `newey1987simple' on page 25 undefined on inpu
t line 765.


Package natbib Warning: Citation `finter2012german' on page 25 undefined on inp
ut line 765.


Package natbib Warning: Citation `ding2019newtheory' on page 25 undefined on in
put line 765.


Package natbib Warning: Citation `stambaugh2012short' on page 25 undefined on i
nput line 771.


Package natbib Warning: Citation `baker2006sentiment' on page 25 undefined on i
nput line 773.

[25]

Package natbib Warning: Citation `baker2006sentiment' on page 26 undefined on i
nput line 792.

<../outputs/final_sentiment_sweden/final_sentiment_raw_vs_orth_div_premium_over
_time.png, id=219, 786.38794pt x 315.72957pt>
File: ../outputs/final_sentiment_sweden/final_sentiment_raw_vs_orth_div_premium
_over_time.png Graphic file (type png)
<use ../outputs/final_sentiment_sweden/final_sentiment_raw_vs_orth_div_premium_
over_time.png>
Package pdftex.def Info: ../outputs/final_sentiment_sweden/final_sentiment_raw_
vs_orth_div_premium_over_time.png  used on input line 799.
(pdftex.def)             Requested size: 481.87546pt x 193.47156pt.
[26]
<../outputs/final_sentiment_sweden/final_omxs30_sent_orth_drawdowns_over_time.p
ng, id=229, 785.93625pt x 314.82619pt>
File: ../outputs/final_sentiment_sweden/final_omxs30_sent_orth_drawdowns_over_t
ime.png Graphic file (type png)
<use ../outputs/final_sentiment_sweden/final_omxs30_sent_orth_drawdowns_over_ti
me.png>
Package pdftex.def Info: ../outputs/final_sentiment_sweden/final_omxs30_sent_or
th_drawdowns_over_time.png  used on input line 807.
(pdftex.def)             Requested size: 481.87546pt x 193.03328pt.


LaTeX Warning: Reference `fig:omxs30_sentiment_drawdowns' on page 1 undefined o
n input line 813.


Package natbib Warning: Citation `baker2006sentiment' on page 27 undefined on i
nput line 815.

[27 <../outputs/final_sentiment_sweden/final_sentiment_raw_vs_orth_div_premium_
over_time.png> <../outputs/final_sentiment_sweden/final_omxs30_sent_orth_drawdo
wns_over_time.png>]

Package natbib Warning: Citation `baker2006sentiment' on page 28 undefined on i
nput line 861.

[28] [29]

Package natbib Warning: Citation `baker2006sentiment' on page 30 undefined on i
nput line 1085.

[30] [31] [32]

Package natbib Warning: Citation `baker2006sentiment' on page 33 undefined on i
nput line 1087.


Package natbib Warning: Citation `baker2006sentiment' on page 33 undefined on i
nput line 1091.


Package natbib Warning: Citation `baker2006sentiment' on page 33 undefined on i
nput line 1093.


Package natbib Warning: Citation `baker2006sentiment' on page 33 undefined on i
nput line 1095.

[33]

Package natbib Warning: Citation `baker2006sentiment' on page 34 undefined on i
nput line 1097.


Package natbib Warning: Citation `baker2006sentiment' on page 34 undefined on i
nput line 1101.


Package natbib Warning: Citation `baker2006sentiment' on page 34 undefined on i
nput line 1103.

[34]

Package natbib Warning: Citation `baker2006sentiment' on page 35 undefined on i
nput line 1107.


Package natbib Warning: Citation `baker2006sentiment' on page 35 undefined on i
nput line 1112.


Package natbib Warning: Citation `baker2006sentiment' on page 35 undefined on i
nput line 1112.

[35]

Package natbib Warning: Citation `stambaugh2012short' on page 36 undefined on i
nput line 1162.

[36]
Underfull \hbox (badness 2744) in paragraph at lines 1212--1212
[]|\T1/lmr/m/n/10 (+20) Fails pre-dicted prone-leg
 []


Underfull \hbox (badness 2744) in paragraph at lines 1212--1212
[]|\T1/lmr/m/n/10 (+20) Fails pre-dicted prone-leg
 []

[37]

LaTeX Warning: Reference `tab:nonoverlap_robustness' on page 38 undefined on in
put line 1228.

[38]

Package natbib Warning: Citation `baker2006sentiment' on page 39 undefined on i
nput line 1259.


Package natbib Warning: Citation `baker2006sentiment' on page 39 undefined on i
nput line 1265.

[39]

Package natbib Warning: Citation `sibley2012sentimental' on page 40 undefined o
n input line 1269.


Package natbib Warning: Citation `baker2006sentiment' on page 40 undefined on i
nput line 1269.


Package natbib Warning: Citation `baker2006sentiment' on page 40 undefined on i
nput line 1271.


Package natbib Warning: Citation `baker2007' on page 40 undefined on input line
 1271.


Package natbib Warning: Citation `zhang2023sweden' on page 40 undefined on inpu
t line 1276.


Package natbib Warning: Citation `baker2006sentiment' on page 40 undefined on i
nput line 1276.

[40]

Package natbib Warning: Citation `sibley2012sentimental' on page 41 undefined o
n input line 1280.


LaTeX Warning: Reference `tab:appendix_covid_winsorized_sibley_characteristic_h
orizon' on page 1 undefined on input line 1307.


LaTeX Warning: Reference `fig:appendix_covid_winsorized_sentiment_indices' on p
age 1 undefined on input line 1307.

[41]

Package natbib Warning: Citation `ung2024enhanced' on page 42 undefined on inpu
t line 1309.


Package natbib Warning: Citation `baker2006sentiment' on page 42 undefined on i
nput line 1309.


Package natbib Warning: Citation `sibley2012sentimental' on page 42 undefined o
n input line 1314.


Package natbib Warning: Citation `baker2006sentiment' on page 42 undefined on i
nput line 1314.

[42]

Package natbib Warning: Citation `baker2006sentiment' on page 43 undefined on i
nput line 1318.


Package natbib Warning: Citation `baker2006sentiment' on page 43 undefined on i
nput line 1318.


Package natbib Warning: Citation `stambaugh2012short' on page 43 undefined on i
nput line 1320.


Package natbib Warning: Citation `baker2006sentiment' on page 43 undefined on i
nput line 1320.


Package natbib Warning: Citation `baker2006sentiment' on page 43 undefined on i
nput line 1322.

[43]
<../outputs/final_sentiment_sweden/final_standardized_sentiment_proxies_over_ti
me.png, id=343, 821.2281pt x 459.6372pt>
File: ../outputs/final_sentiment_sweden/final_standardized_sentiment_proxies_ov
er_time.png Graphic file (type png)
<use ../outputs/final_sentiment_sweden/final_standardized_sentiment_proxies_ove
r_time.png>
Package pdftex.def Info: ../outputs/final_sentiment_sweden/final_standardized_s
entiment_proxies_over_time.png  used on input line 1361.
(pdftex.def)             Requested size: 481.87546pt x 269.70375pt.
<../outputs/final_sentiment_sweden/final_omxs30_selected_standardized_proxy_dra
wdown_panels.png, id=344, 702.4644pt x 637.6623pt>
File: ../outputs/final_sentiment_sweden/final_omxs30_selected_standardized_prox
y_drawdown_panels.png Graphic file (type png)
<use ../outputs/final_sentiment_sweden/final_omxs30_selected_standardized_proxy
_drawdown_panels.png>
Package pdftex.def Info: ../outputs/final_sentiment_sweden/final_omxs30_selecte
d_standardized_proxy_drawdown_panels.png  used on input line 1369.
(pdftex.def)             Requested size: 481.87546pt x 437.43822pt.
 [44

 <../outputs/final_sentiment_sweden/final_standardized_sentiment_proxies_over_t
ime.png>] [45 <../outputs/final_sentiment_sweden/final_omxs30_selected_standard
ized_proxy_drawdown_panels.png>] [46]
<../outputs/sentiment_outlier_experiment_sweden/experiment_sentiment_original_v
s_adjusted_over_time.png, id=368, 786.83963pt x 568.67456pt>
File: ../outputs/sentiment_outlier_experiment_sweden/experiment_sentiment_origi
nal_vs_adjusted_over_time.png Graphic file (type png)
<use ../outputs/sentiment_outlier_experiment_sweden/experiment_sentiment_origin
al_vs_adjusted_over_time.png>
Package pdftex.def Info: ../outputs/sentiment_outlier_experiment_sweden/experim
ent_sentiment_original_vs_adjusted_over_time.png  used on input line 1452.
(pdftex.def)             Requested size: 481.87546pt x 348.27065pt.
 [47 <../outputs/sentiment_outlier_experiment_sweden/experiment_sentiment_origi
nal_vs_adjusted_over_time.png>]

Package longtable Warning: Column widths have changed
(longtable)                in table 26 on input line 1527.

[48] [49] [50]
No file bachelor_thesis_compile_check2.bbl.

Package natbib Warning: There were undefined citations.


Package longtable Warning: Table widths have changed. Rerun LaTeX.

(./bachelor_thesis_compile_check2.aux)
 ***********
LaTeX2e <2025-11-01>
L3 programming layer <2026-01-19>
 ***********


LaTeX Warning: There were undefined references.


LaTeX Warning: Label(s) may have changed. Rerun to get cross-references right.


Package rerunfilecheck Warning: File `bachelor_thesis_compile_check2.out' has c
hanged.
(rerunfilecheck)                Rerun to get outlines right
(rerunfilecheck)                or use package `bookmark'.

Package rerunfilecheck Info: Checksums for `bachelor_thesis_compile_check2.out'
:
(rerunfilecheck)             Before: <no file>
(rerunfilecheck)             After:  917B89EEC0975266D670A7778BC29192;8267.
 ) 
Here is how much of TeX's memory you used:
 23040 strings out of 469006
 436902 string characters out of 5454813
 967142 words of memory out of 5000000
 50953 multiletter control sequences out of 15000+600000
 740604 words of font info for 265 fonts, out of 8000000 for 9000
 319 hyphenation exceptions out of 8191
 75i,14n,79p,1733b,1260s stack positions out of 10000i,1000n,20000p,200000b,200000s
</usr/local/texlive/2026basic/texmf-dist/fonts/type1/public/lm/lmbx10.pfb></u
sr/local/texlive/2026basic/texmf-dist/fonts/type1/public/lm/lmbx12.pfb></usr/lo
cal/texlive/2026basic/texmf-dist/fonts/type1/public/lm/lmbx8.pfb></usr/local/te
xlive/2026basic/texmf-dist/fonts/type1/public/lm/lmbx9.pfb></usr/local/texlive/
2026basic/texmf-dist/fonts/type1/public/lm/lmex10.pfb></usr/local/texlive/2026b
asic/texmf-dist/fonts/type1/public/lm/lmmi10.pfb></usr/local/texlive/2026basic/
texmf-dist/fonts/type1/public/lm/lmmi6.pfb></usr/local/texlive/2026basic/texmf-
dist/fonts/type1/public/lm/lmmi7.pfb></usr/local/texlive/2026basic/texmf-dist/f
onts/type1/public/lm/lmmi8.pfb></usr/local/texlive/2026basic/texmf-dist/fonts/t
ype1/public/lm/lmmi9.pfb></usr/local/texlive/2026basic/texmf-dist/fonts/type1/p
ublic/lm/lmr10.pfb></usr/local/texlive/2026basic/texmf-dist/fonts/type1/public/
lm/lmr12.pfb></usr/local/texlive/2026basic/texmf-dist/fonts/type1/public/lm/lmr
6.pfb></usr/local/texlive/2026basic/texmf-dist/fonts/type1/public/lm/lmr7.pfb><
/usr/local/texlive/2026basic/texmf-dist/fonts/type1/public/lm/lmr8.pfb></usr/lo
cal/texlive/2026basic/texmf-dist/fonts/type1/public/lm/lmr9.pfb></usr/local/tex
live/2026basic/texmf-dist/fonts/type1/public/lm/lmri10.pfb></usr/local/texlive/
2026basic/texmf-dist/fonts/type1/public/lm/lmri8.pfb></usr/local/texlive/2026ba
sic/texmf-dist/fonts/type1/public/lm/lmri9.pfb></usr/local/texlive/2026basic/te
xmf-dist/fonts/type1/public/lm/lmsy10.pfb></usr/local/texlive/2026basic/texmf-d
ist/fonts/type1/public/lm/lmsy6.pfb></usr/local/texlive/2026basic/texmf-dist/fo
nts/type1/public/lm/lmsy7.pfb></usr/local/texlive/2026basic/texmf-dist/fonts/ty
pe1/public/lm/lmsy8.pfb></usr/local/texlive/2026basic/texmf-dist/fonts/type1/pu
blic/lm/lmsy9.pfb></usr/local/texlive/2026basic/texmf-dist/fonts/type1/public/a
msfonts/symbols/msbm10.pfb>
Output written on bachelor_thesis_compile_check2.pdf (52 pages, 2341527 bytes).

PDF statistics:
 556 PDF objects out of 1000 (max. 8388607)
 432 compressed objects within 5 object streams
 182 named destinations out of 1000 (max. 500000)
 59418 words of extra memory for PDF output out of 61914 (max. 10000000)

